2022-09-27:21:15:51,897 INFO     [psi4.driver.task_planner:266] PLANNING Atomic:  keywords={'SCF__INTS_TOLERANCE': 1e-12, 'function_kwargs': {}}
2022-09-27:21:15:51,902 INFO     [psi4.driver.driver:499] Compute energy(): method=scf, basis=cc-pvdz, molecule=default, nre=224.91052787697384
2022-09-27:21:15:53,196 INFO     [psi4.driver.driver:502] Return energy(): -230.4778160946885
2022-09-27:21:15:54,441 INFO     [psi4.driver.task_planner:266] PLANNING Atomic:  keywords={'SCF__INTS_TOLERANCE': 1e-12, 'function_kwargs': {}}
2022-09-27:21:15:54,445 INFO     [psi4.driver.driver:617] Compute gradient(): method=scf, basis=cc-pvdz, molecule=default, nre=224.9105278769738
2022-09-27:21:15:56,852 INFO     [psi4.driver.driver:620] Return gradient(): -230.4778161179293
2022-09-27:21:15:56,853 INFO     [psi4.driver.driver:621] [[ 0.02152642  0.00240605  0.00331074]
 [ 0.19139202 -0.32505085 -0.13457942]
 [-0.29970338  0.17568104  0.05295043]
 [-0.09369205  0.16140296  0.06695958]
 [-0.04567398  0.31728867  0.14559469]
 [ 0.22969779 -0.335846   -0.13582785]
 [ 0.02420258 -0.0330079  -0.01318556]
 [-0.01757982 -0.03660752 -0.01910147]
 [-0.0502548   0.00591092 -0.00226848]
 [-0.02462153  0.03500969  0.01409109]
 [ 0.01853404  0.03954473  0.02058846]
 [ 0.04617271 -0.00673177  0.00146778]]
2022-09-27:21:15:56,904 INFO     [psi4.driver.task_planner:266] PLANNING Atomic:  keywords={'CART_HESS_READ': 0, 'SCF__GUESS': 'READ', 'SCF__INTS_TOLERANCE': 1e-12, 'function_kwargs': {}}
2022-09-27:21:15:56,907 INFO     [psi4.driver.driver:617] Compute gradient(): method=scf, basis=cc-pvdz, molecule=default, nre=210.79070800564392
2022-09-27:21:15:59,216 INFO     [psi4.driver.driver:620] Return gradient(): -230.69505429254357
2022-09-27:21:15:59,217 INFO     [psi4.driver.driver:621] [[-0.00566019  0.01963105  0.00872359]
 [ 0.06701611 -0.07386688 -0.02821271]
 [-0.08710296  0.03802099  0.00921902]
 [-0.0129317   0.03251074  0.01408467]
 [-0.00855223  0.08099196  0.03747882]
 [ 0.04642821 -0.09630826 -0.04091058]
 [ 0.00968934 -0.01368583 -0.00550193]
 [-0.0086573  -0.01374335 -0.00737848]
 [-0.01720893  0.00016883 -0.00165514]
 [-0.00902906  0.01319952  0.00533833]
 [ 0.00834795  0.01361028  0.00728465]
 [ 0.01766076 -0.00052906  0.00152976]]
2022-09-27:21:15:59,260 INFO     [psi4.driver.task_planner:266] PLANNING Atomic:  keywords={'CART_HESS_READ': 0, 'SCF__GUESS': 'READ', 'SCF__INTS_TOLERANCE': 1e-12, 'function_kwargs': {}}
2022-09-27:21:15:59,263 INFO     [psi4.driver.driver:617] Compute gradient(): method=scf, basis=cc-pvdz, molecule=default, nre=206.74431189554974
2022-09-27:21:16:01,566 INFO     [psi4.driver.driver:620] Return gradient(): -230.71770047879613
2022-09-27:21:16:01,567 INFO     [psi4.driver.driver:621] [[ 0.0001381   0.00199185  0.00095759]
 [ 0.02487387 -0.0330483  -0.01313791]
 [-0.03362347  0.01944914  0.00581838]
 [-0.00453347  0.01349785  0.00593153]
 [-0.01018514  0.03691974  0.01645078]
 [ 0.02365609 -0.0393563  -0.01624597]
 [ 0.00116355 -0.00229536 -0.00096942]
 [-0.00079539 -0.00204722 -0.00104918]
 [-0.00156323  0.00064974  0.00014988]
 [-0.00151475  0.00258196  0.00106962]
 [ 0.00011141  0.00187221  0.00089766]
 [ 0.00227243 -0.00021531  0.00012703]]
2022-09-27:21:16:01,608 INFO     [psi4.driver.task_planner:266] PLANNING Atomic:  keywords={'CART_HESS_READ': 0, 'SCF__GUESS': 'READ', 'SCF__INTS_TOLERANCE': 1e-12, 'function_kwargs': {}}
2022-09-27:21:16:01,611 INFO     [psi4.driver.driver:617] Compute gradient(): method=scf, basis=cc-pvdz, molecule=default, nre=205.32677826671897
2022-09-27:21:16:04,47 INFO     [psi4.driver.driver:620] Return gradient(): -230.72109881876423
2022-09-27:21:16:04,48 INFO     [psi4.driver.driver:621] [[ 0.00055864  0.00034146  0.00021816]
 [ 0.0095296  -0.01518598 -0.00622837]
 [-0.01350002  0.01056915  0.00364264]
 [-0.00066838  0.00435764  0.00199512]
 [-0.00798812  0.01735711  0.00741134]
 [ 0.01221272 -0.01759477 -0.00709791]
 [ 0.00019356 -0.00034609 -0.00014437]
 [-0.00019641 -0.00023577 -0.00013134]
 [-0.00038158  0.00007111 -0.00000485]
 [-0.00027468  0.00037479  0.00014976]
 [ 0.00015893  0.00024598  0.00013254]
 [ 0.00035573  0.00004537  0.00005729]]
2022-09-27:21:16:04,84 INFO     [psi4.driver.task_planner:266] PLANNING Atomic:  keywords={'CART_HESS_READ': 0, 'SCF__GUESS': 'READ', 'SCF__INTS_TOLERANCE': 1e-12, 'function_kwargs': {}}
2022-09-27:21:16:04,87 INFO     [psi4.driver.driver:617] Compute gradient(): method=scf, basis=cc-pvdz, molecule=default, nre=204.48099627321517
2022-09-27:21:16:06,581 INFO     [psi4.driver.driver:620] Return gradient(): -230.72186768818693
2022-09-27:21:16:06,582 INFO     [psi4.driver.driver:621] [[ 0.00028547  0.00016923  0.00010902]
 [ 0.001802   -0.00357384 -0.00151019]
 [-0.00212875  0.00389084  0.00162724]
 [ 0.00124105 -0.00051041 -0.00011654]
 [-0.00482614  0.00509238  0.00192422]
 [ 0.00361808 -0.00503529 -0.002019  ]
 [-0.00000238  0.00008879  0.0000418 ]
 [ 0.00002256  0.00020996  0.00010167]
 [-0.00005862 -0.00012249 -0.00006389]
 [ 0.00003051 -0.00014707 -0.00006654]
 [ 0.00020021 -0.00012545 -0.0000392 ]
 [-0.00018398  0.00006335  0.00001141]]
2022-09-27:21:16:06,619 INFO     [psi4.driver.task_planner:266] PLANNING Atomic:  keywords={'CART_HESS_READ': 0, 'SCF__GUESS': 'READ', 'SCF__INTS_TOLERANCE': 1e-12, 'function_kwargs': {}}
2022-09-27:21:16:06,622 INFO     [psi4.driver.driver:617] Compute gradient(): method=scf, basis=cc-pvdz, molecule=default, nre=204.31155706541276
2022-09-27:21:16:09,128 INFO     [psi4.driver.driver:620] Return gradient(): -230.72191978038427
2022-09-27:21:16:09,129 INFO     [psi4.driver.driver:621] [[ 0.00014634  0.00011864  0.00007065]
 [ 0.00003013 -0.00030639 -0.00014211]
 [ 0.00027339  0.0009667   0.00048565]
 [ 0.0009608  -0.00071178 -0.00024046]
 [-0.00227941  0.00141079  0.00043785]
 [ 0.00084686 -0.00145175 -0.0006014 ]
 [-0.00000467  0.00001113  0.00000473]
 [ 0.00002537  0.00005671  0.00002946]
 [ 0.00001517 -0.00005326 -0.00002374]
 [-0.00001635 -0.00000575 -0.00000432]
 [ 0.00007547 -0.00006139 -0.0000214 ]
 [-0.00007312  0.00002635  0.00000511]]
2022-09-27:21:16:09,175 INFO     [psi4.driver.task_planner:266] PLANNING Atomic:  keywords={'CART_HESS_READ': 0, 'SCF__GUESS': 'READ', 'SCF__INTS_TOLERANCE': 1e-12, 'function_kwargs': {}}
2022-09-27:21:16:09,179 INFO     [psi4.driver.driver:617] Compute gradient(): method=scf, basis=cc-pvdz, molecule=default, nre=204.3093184693298
2022-09-27:21:16:11,660 INFO     [psi4.driver.driver:620] Return gradient(): -230.72192480815846
2022-09-27:21:16:11,661 INFO     [psi4.driver.driver:621] [[ 0.00012228  0.00008199  0.00005132]
 [-0.00027081  0.00026403  0.00009755]
 [ 0.00027367 -0.00006056 -0.00000101]
 [ 0.00048152 -0.00023659 -0.00006344]
 [-0.00088255  0.00048886  0.00014248]
 [ 0.00026676 -0.00053031 -0.00022428]
 [-0.00000259 -0.00000161 -0.00000104]
 [-0.00000498  0.0000016   0.00000025]
 [ 0.00000194 -0.00001587 -0.00000732]
 [-0.00001859  0.00001061  0.00000312]
 [ 0.0000332  -0.00002305 -0.00000756]
 [ 0.00000014  0.00002091  0.00000992]]
2022-09-27:21:16:11,702 INFO     [psi4.driver.task_planner:266] PLANNING Atomic:  keywords={'CART_HESS_READ': 0, 'SCF__GUESS': 'READ', 'SCF__INTS_TOLERANCE': 1e-12, 'function_kwargs': {}}
2022-09-27:21:16:11,706 INFO     [psi4.driver.driver:617] Compute gradient(): method=scf, basis=cc-pvdz, molecule=default, nre=204.31958956835177
2022-09-27:21:16:14,159 INFO     [psi4.driver.driver:620] Return gradient(): -230.72192566763698
2022-09-27:21:16:14,161 INFO     [psi4.driver.driver:621] [[ 0.00008785  0.00004555  0.00002912]
 [-0.00022467  0.00027172  0.00010661]
 [ 0.00009422 -0.0003705  -0.00016581]
 [ 0.00015382  0.00009947  0.00006217]
 [-0.00019132  0.00016659  0.00005926]
 [ 0.00007931 -0.00021399 -0.00009224]
 [-0.00000309 -0.00000538 -0.00000281]
 [ 0.00000188 -0.000011   -0.00000494]
 [-0.00000162  0.00000702  0.00000312]
 [-0.00000659  0.00000495  0.00000183]
 [ 0.0000035  -0.00000033  0.0000002 ]
 [ 0.0000067   0.00000591  0.00000348]]
2022-09-27:21:18:25,653 INFO     [psi4.driver.task_planner:266] PLANNING Atomic:  keywords={'SCF__INTS_TOLERANCE': 1e-12, 'function_kwargs': {}}
2022-09-27:21:18:25,658 INFO     [psi4.driver.driver:499] Compute energy(): method=scf, basis=cc-pvdz, molecule=default, nre=416.91814434615196
2022-09-27:21:18:28,234 INFO     [psi4.driver.driver:502] Return energy(): -434.21119653821563
2022-09-27:21:21:56,110 INFO     [psi4.driver.task_planner:266] PLANNING Atomic:  keywords={'SCF__INTS_TOLERANCE': 1e-12, 'function_kwargs': {}}
2022-09-27:21:21:56,115 INFO     [psi4.driver.driver:499] Compute energy(): method=scf, basis=cc-pvdz, molecule=default, nre=416.91814434615196
2022-09-27:21:21:58,662 INFO     [psi4.driver.driver:502] Return energy(): -434.2111965382161
2022-09-27:21:23:49,478 INFO     [psi4.driver.task_planner:266] PLANNING Atomic:  keywords={'SCF__INTS_TOLERANCE': 1e-12, 'function_kwargs': {}}
2022-09-27:21:23:49,482 INFO     [psi4.driver.driver:499] Compute energy(): method=scf, basis=cc-pvdz, molecule=default, nre=416.91814434615196
2022-09-27:21:23:51,967 INFO     [psi4.driver.driver:502] Return energy(): -434.2111965382163
2022-09-27:21:23:51,999 INFO     [psi4.driver.task_planner:266] PLANNING Atomic:  keywords={'SCF__INTS_TOLERANCE': 1e-12, 'function_kwargs': {}}
2022-09-27:21:23:52,2 INFO     [psi4.driver.driver:617] Compute gradient(): method=scf, basis=cc-pvdz, molecule=default, nre=416.91814434615196
2022-09-27:21:23:57,164 INFO     [psi4.driver.driver:620] Return gradient(): -434.21119654529946
2022-09-27:21:23:57,165 INFO     [psi4.driver.driver:621] [[-0.00008577 -0.00003108  0.00001755]
 [ 0.00009112 -0.00004244 -0.00000575]
 [ 0.00000311  0.0000733   0.00003295]
 [-0.00007755 -0.00001482 -0.00001308]
 [ 0.00006182 -0.00002812 -0.00000926]
 [-0.00001074  0.00002084  0.00001392]
 [ 0.00015159  0.00005741 -0.00013155]
 [ 0.00000268 -0.00002677  0.00005042]
 [-0.00013316 -0.00001122  0.00004415]
 [-0.00000614  0.00001154  0.0000055 ]
 [-0.00001985 -0.00001298 -0.0000089 ]
 [ 0.00000744  0.00000228  0.00000157]
 [ 0.00001181  0.0000055   0.00000308]
 [ 0.00000363 -0.00000344 -0.00000059]]
2022-09-27:21:23:57,231 INFO     [psi4.driver.task_planner:266] PLANNING Atomic:  keywords={'CART_HESS_READ': 0, 'SCF__GUESS': 'READ', 'SCF__INTS_TOLERANCE': 1e-12, 'function_kwargs': {}}
2022-09-27:21:23:57,235 INFO     [psi4.driver.driver:617] Compute gradient(): method=scf, basis=cc-pvdz, molecule=default, nre=416.91270492467
2022-09-27:21:24:02,93 INFO     [psi4.driver.driver:620] Return gradient(): -434.21110711087
2022-09-27:21:24:02,95 INFO     [psi4.driver.driver:621] [[ 0.00009828  0.00072991 -0.00154542]
 [ 0.00006038  0.00006613 -0.00018607]
 [-0.00000314 -0.00000031  0.00009146]
 [-0.00002957 -0.00000992 -0.00002672]
 [ 0.00001936 -0.00005373  0.00006832]
 [ 0.00002369  0.00012606 -0.00016119]
 [-0.00049411 -0.00317262  0.00631732]
 [ 0.00026765  0.00121917 -0.00223599]
 [ 0.00006247  0.00110158 -0.0023127 ]
 [-0.00000461  0.00000446 -0.00001486]
 [ 0.00000217 -0.00001185  0.00001095]
 [ 0.00000405  0.00000053 -0.00000449]
 [-0.0000027  -0.00000772  0.0000124 ]
 [-0.00000391  0.00000831 -0.00001302]]
2022-09-27:21:24:02,142 INFO     [psi4.driver.task_planner:266] PLANNING Atomic:  keywords={'CART_HESS_READ': 0, 'SCF__GUESS': 'READ', 'SCF__INTS_TOLERANCE': 1e-12, 'function_kwargs': {}}
2022-09-27:21:24:02,146 INFO     [psi4.driver.driver:617] Compute gradient(): method=scf, basis=cc-pvdz, molecule=default, nre=416.90766273940375
2022-09-27:21:24:07,139 INFO     [psi4.driver.driver:620] Return gradient(): -434.21119655330995
2022-09-27:21:24:07,140 INFO     [psi4.driver.driver:621] [[-0.00003047 -0.00003733 -0.00002193]
 [ 0.00003959 -0.00001981 -0.00000604]
 [ 0.00000239  0.00003263  0.00001618]
 [-0.00002962 -0.00001714 -0.00001324]
 [ 0.00002858 -0.0000178  -0.00000485]
 [ 0.00000709  0.0000408   0.00001935]
 [ 0.00017768 -0.00020668 -0.00007082]
 [ 0.0000638   0.00020579  0.00010054]
 [-0.00025502  0.00003021 -0.00001471]
 [-0.00000545 -0.00000307 -0.00000218]
 [ 0.00000368 -0.0000054  -0.00000178]
 [ 0.0000035  -0.00000169  0.00000019]
 [-0.0000017  -0.00000157 -0.00000058]
 [-0.00000404  0.00000107 -0.00000011]]
2022-09-27:21:27:02,847 INFO     [psi4.driver.task_planner:266] PLANNING Atomic:  keywords={'SCF__INTS_TOLERANCE': 1e-12, 'function_kwargs': {}}
2022-09-27:21:27:02,852 INFO     [psi4.driver.driver:499] Compute energy(): method=scf, basis=cc-pvdz, molecule=default, nre=416.91814434615196
2022-09-27:21:27:05,363 INFO     [psi4.driver.driver:502] Return energy(): -434.211196538216
2022-09-27:21:27:05,397 INFO     [psi4.driver.task_planner:266] PLANNING Atomic:  keywords={'GEOM_MAXITER': 100, 'SCF__INTS_TOLERANCE': 1e-12, 'SCF__MAXITER': 500, 'function_kwargs': {}}
2022-09-27:21:27:05,401 INFO     [psi4.driver.driver:617] Compute gradient(): method=scf, basis=cc-pvdz, molecule=default, nre=416.91814434615196
2022-09-27:21:27:10,639 INFO     [psi4.driver.driver:620] Return gradient(): -434.21119654529906
2022-09-27:21:27:10,640 INFO     [psi4.driver.driver:621] [[-0.00008577 -0.00003108  0.00001755]
 [ 0.00009112 -0.00004244 -0.00000575]
 [ 0.00000311  0.0000733   0.00003295]
 [-0.00007755 -0.00001482 -0.00001308]
 [ 0.00006182 -0.00002813 -0.00000926]
 [-0.00001074  0.00002085  0.00001392]
 [ 0.00015159  0.00005741 -0.00013155]
 [ 0.00000268 -0.00002677  0.00005042]
 [-0.00013315 -0.00001122  0.00004415]
 [-0.00000614  0.00001154  0.0000055 ]
 [-0.00001985 -0.00001298 -0.0000089 ]
 [ 0.00000744  0.00000228  0.00000157]
 [ 0.00001181  0.0000055   0.00000308]
 [ 0.00000363 -0.00000344 -0.00000059]]
2022-09-27:21:27:10,701 INFO     [psi4.driver.task_planner:266] PLANNING Atomic:  keywords={'CART_HESS_READ': 0, 'GEOM_MAXITER': 100, 'SCF__GUESS': 'READ', 'SCF__INTS_TOLERANCE': 1e-12, 'SCF__MAXITER': 500, 'function_kwargs': {}}
2022-09-27:21:27:10,705 INFO     [psi4.driver.driver:617] Compute gradient(): method=scf, basis=cc-pvdz, molecule=default, nre=416.9127046400014
2022-09-27:21:27:15,265 INFO     [psi4.driver.driver:620] Return gradient(): -434.2111071107328
2022-09-27:21:27:15,266 INFO     [psi4.driver.driver:621] [[ 0.00009829  0.0007299  -0.00154542]
 [ 0.00006038  0.00006613 -0.00018607]
 [-0.00000315 -0.0000003   0.00009147]
 [-0.00002957 -0.00000992 -0.00002672]
 [ 0.00001935 -0.00005372  0.00006833]
 [ 0.0000237   0.00012607 -0.00016118]
 [-0.00049411 -0.00317262  0.00631732]
 [ 0.00026764  0.00121916 -0.00223599]
 [ 0.00006248  0.00110158 -0.0023127 ]
 [-0.00000461  0.00000445 -0.00001486]
 [ 0.00000217 -0.00001185  0.00001095]
 [ 0.00000405  0.00000053 -0.00000449]
 [-0.0000027  -0.00000773  0.0000124 ]
 [-0.00000391  0.00000831 -0.00001302]]
2022-09-27:21:27:15,311 INFO     [psi4.driver.task_planner:266] PLANNING Atomic:  keywords={'CART_HESS_READ': 0, 'GEOM_MAXITER': 100, 'SCF__GUESS': 'READ', 'SCF__INTS_TOLERANCE': 1e-12, 'SCF__MAXITER': 500, 'function_kwargs': {}}
2022-09-27:21:27:15,315 INFO     [psi4.driver.driver:617] Compute gradient(): method=scf, basis=cc-pvdz, molecule=default, nre=416.90766240597367
2022-09-27:21:27:20,196 INFO     [psi4.driver.driver:620] Return gradient(): -434.21119655251334
2022-09-27:21:27:20,197 INFO     [psi4.driver.driver:621] [[-0.00003047 -0.00003734 -0.00002193]
 [ 0.00003958 -0.00001981 -0.00000604]
 [ 0.00000239  0.00003263  0.00001618]
 [-0.00002962 -0.00001714 -0.00001324]
 [ 0.00002858 -0.00001779 -0.00000485]
 [ 0.00000709  0.00004081  0.00001935]
 [ 0.00017768 -0.00020668 -0.00007082]
 [ 0.0000638   0.00020579  0.00010054]
 [-0.00025502  0.00003021 -0.00001471]
 [-0.00000545 -0.00000307 -0.00000218]
 [ 0.00000368 -0.0000054  -0.00000178]
 [ 0.0000035  -0.0000017   0.00000019]
 [-0.0000017  -0.00000158 -0.00000058]
 [-0.00000404  0.00000107 -0.00000011]]
002858 -0.00001779 -0.00000485]
 [ 0.00000709  0.00004081  0.00001935]
 [ 0.00017768 -0.00020668 -0.00007082]
 [ 0.0000638   0.00020579  0.00010054]
 [-0.00025502  0.00003021 -0.00001471]
 [-0.00000545 -0.00000307 -0.00000218]
 [ 0.00000368 -0.0000054  -0.00000178]
 [ 0.0000035  -0.0000017   0.00000019]
 [-0.0000017  -0.00000158 -0.00000058]
 [-0.00000404  0.00000107 -0.00000011]]
027367 -0.00006056 -0.00000101]
 [ 0.00048152 -0.00023659 -0.00006344]
 [-0.00088255  0.00048886  0.00014248]
 [ 0.00026676 -0.00053031 -0.00022428]
 [-0.00000259 -0.00000161 -0.00000104]
 [-0.00000498  0.0000016   0.00000025]
 [ 0.00000194 -0.00001587 -0.00000732]
 [-0.00001859  0.00001061  0.00000312]
 [ 0.0000332  -0.00002305 -0.00000756]
 [ 0.00000014  0.00002091  0.00000992]]
2022-09-27:21:16:11,702 INFO     [psi4.driver.task_planner:266] PLANNING Atomic:  keywords={'CART_HESS_READ': 0, 'SCF__GUESS': 'READ', 'SCF__INTS_TOLERANCE': 1e-12, 'function_kwargs': {}}
2022-09-27:21:16:11,706 INFO     [psi4.driver.driver:617] Compute gradient(): method=scf, basis=cc-pvdz, molecule=default, nre=204.31958956835177
2022-09-27:21:16:14,159 INFO     [psi4.driver.driver:620] Return gradient(): -230.72192566763698
2022-09-27:21:16:14,161 INFO     [psi4.driver.driver:621] [[ 0.00008785  0.00004555  0.00002912]
 [-0.00022467  0.00027172  0.00010661]
 [ 0.00009422 -0.0003705  -0.00016581]
 [ 0.00015382  0.00009947  0.00006217]
 [-0.00019132  0.00016659  0.00005926]
 [ 0.00007931 -0.00021399 -0.00009224]
 [-0.00000309 -0.00000538 -0.00000281]
 [ 0.00000188 -0.000011   -0.00000494]
 [-0.00000162  0.00000702  0.00000312]
 [-0.00000659  0.00000495  0.00000183]
 [ 0.0000035  -0.00000033  0.0000002 ]
 [ 0.0000067   0.00000591  0.00000348]]
2022-09-27:21:18:25,653 INFO     [psi4.driver.task_planner:266] PLANNING Atomic:  keywords={'SCF__INTS_TOLERANCE': 1e-12, 'function_kwargs': {}}
2022-09-27:21:18:25,658 INFO     [psi4.driver.driver:499] Compute energy(): method=scf, basis=cc-pvdz, molecule=default, nre=416.91814434615196
2022-09-27:21:18:28,234 INFO     [psi4.driver.driver:502] Return energy(): -434.21119653821563
2022-09-27:21:21:56,110 INFO     [psi4.driver.task_planner:266] PLANNING Atomic:  keywords={'SCF__INTS_TOLERANCE': 1e-12, 'function_kwargs': {}}
2022-09-27:21:21:56,115 INFO     [psi4.driver.driver:499] Compute energy(): method=scf, basis=cc-pvdz, molecule=default, nre=416.91814434615196
2022-09-27:21:21:58,662 INFO     [psi4.driver.driver:502] Return energy(): -434.2111965382161
2022-09-27:21:23:49,478 INFO     [psi4.driver.task_planner:266] PLANNING Atomic:  keywords={'SCF__INTS_TOLERANCE': 1e-12, 'function_kwargs': {}}
2022-09-27:21:23:49,482 INFO     [psi4.driver.driver:499] Compute energy(): method=scf, basis=cc-pvdz, molecule=default, nre=416.91814434615196
2022-09-27:21:23:51,967 INFO     [psi4.driver.driver:502] Return energy(): -434.2111965382163
2022-09-27:21:23:51,999 INFO     [psi4.driver.task_planner:266] PLANNING Atomic:  keywords={'SCF__INTS_TOLERANCE': 1e-12, 'function_kwargs': {}}
2022-09-27:21:23:52,2 INFO     [psi4.driver.driver:617] Compute gradient(): method=scf, basis=cc-pvdz, molecule=default, nre=416.91814434615196
2022-09-27:21:23:57,164 INFO     [psi4.driver.driver:620] Return gradient(): -434.21119654529946
2022-09-27:21:23:57,165 INFO     [psi4.driver.driver:621] [[-0.00008577 -0.00003108  0.00001755]
 [ 0.00009112 -0.00004244 -0.00000575]
 [ 0.00000311  0.0000733   0.00003295]
 [-0.00007755 -0.00001482 -0.00001308]
 [ 0.00006182 -0.00002812 -0.00000926]
 [-0.00001074  0.00002084  0.00001392]
 [ 0.00015159  0.00005741 -0.00013155]
 [ 0.00000268 -0.00002677  0.00005042]
 [-0.00013316 -0.00001122  0.00004415]
 [-0.00000614  0.00001154  0.0000055 ]
 [-0.00001985 -0.00001298 -0.0000089 ]
 [ 0.00000744  0.00000228  0.00000157]
 [ 0.00001181  0.0000055   0.00000308]
 [ 0.00000363 -0.00000344 -0.00000059]]
2022-09-27:21:23:57,231 INFO     [psi4.driver.task_planner:266] PLANNING Atomic:  keywords={'CART_HESS_READ': 0, 'SCF__GUESS': 'READ', 'SCF__INTS_TOLERANCE': 1e-12, 'function_kwargs': {}}
2022-09-27:21:23:57,235 INFO     [psi4.driver.driver:617] Compute gradient(): method=scf, basis=cc-pvdz, molecule=default, nre=416.91270492467
2022-09-27:21:24:02,93 INFO     [psi4.driver.driver:620] Return gradient(): -434.21110711087
2022-09-27:21:24:02,95 INFO     [psi4.driver.driver:621] [[ 0.00009828  0.00072991 -0.00154542]
 [ 0.00006038  0.00006613 -0.00018607]
 [-0.00000314 -0.00000031  0.00009146]
 [-0.00002957 -0.00000992 -0.00002672]
 [ 0.00001936 -0.00005373  0.00006832]
 [ 0.00002369  0.00012606 -0.00016119]
 [-0.00049411 -0.00317262  0.00631732]
 [ 0.00026765  0.00121917 -0.00223599]
 [ 0.00006247  0.00110158 -0.0023127 ]
 [-0.00000461  0.00000446 -0.00001486]
 [ 0.00000217 -0.00001185  0.00001095]
 [ 0.00000405  0.00000053 -0.00000449]
 [-0.0000027  -0.00000772  0.0000124 ]
 [-0.00000391  0.00000831 -0.00001302]]
2022-09-27:21:24:02,142 INFO     [psi4.driver.task_planner:266] PLANNING Atomic:  keywords={'CART_HESS_READ': 0, 'SCF__GUESS': 'READ', 'SCF__INTS_TOLERANCE': 1e-12, 'function_kwargs': {}}
2022-09-27:21:24:02,146 INFO     [psi4.driver.driver:617] Compute gradient(): method=scf, basis=cc-pvdz, molecule=default, nre=416.90766273940375
2022-09-27:21:24:07,139 INFO     [psi4.driver.driver:620] Return gradient(): -434.21119655330995
2022-09-27:21:24:07,140 INFO     [psi4.driver.driver:621] [[-0.00003047 -0.00003733 -0.00002193]
 [ 0.00003959 -0.00001981 -0.00000604]
 [ 0.00000239  0.00003263  0.00001618]
 [-0.00002962 -0.00001714 -0.00001324]
 [ 0.00002858 -0.0000178  -0.00000485]
 [ 0.00000709  0.0000408   0.00001935]
 [ 0.00017768 -0.00020668 -0.00007082]
 [ 0.0000638   0.00020579  0.00010054]
 [-0.00025502  0.00003021 -0.00001471]
 [-0.00000545 -0.00000307 -0.00000218]
 [ 0.00000368 -0.0000054  -0.00000178]
 [ 0.0000035  -0.00000169  0.00000019]
 [-0.0000017  -0.00000157 -0.00000058]
 [-0.00000404  0.00000107 -0.00000011]]
2022-09-27:21:27:02,847 INFO     [psi4.driver.task_planner:266] PLANNING Atomic:  keywords={'SCF__INTS_TOLERANCE': 1e-12, 'function_kwargs': {}}
2022-09-27:21:27:02,852 INFO     [psi4.driver.driver:499] Compute energy(): method=scf, basis=cc-pvdz, molecule=default, nre=416.91814434615196
2022-09-27:21:27:05,363 INFO     [psi4.driver.driver:502] Return energy(): -434.211196538216
2022-09-27:21:27:05,397 INFO     [psi4.driver.task_planner:266] PLANNING Atomic:  keywords={'GEOM_MAXITER': 100, 'SCF__INTS_TOLERANCE': 1e-12, 'SCF__MAXITER': 500, 'function_kwargs': {}}
2022-09-27:21:27:05,401 INFO     [psi4.driver.driver:617] Compute gradient(): method=scf, basis=cc-pvdz, molecule=default, nre=416.91814434615196
2022-09-27:21:27:10,639 INFO     [psi4.driver.driver:620] Return gradient(): -434.21119654529906
2022-09-27:21:27:10,640 INFO     [psi4.driver.driver:621] [[-0.00008577 -0.00003108  0.00001755]
 [ 0.00009112 -0.00004244 -0.00000575]
 [ 0.00000311  0.0000733   0.00003295]
 [-0.00007755 -0.00001482 -0.00001308]
 [ 0.00006182 -0.00002813 -0.00000926]
 [-0.00001074  0.00002085  0.00001392]
 [ 0.00015159  0.00005741 -0.00013155]
 [ 0.00000268 -0.00002677  0.00005042]
 [-0.00013315 -0.00001122  0.00004415]
 [-0.00000614  0.00001154  0.0000055 ]
 [-0.00001985 -0.00001298 -0.0000089 ]
 [ 0.00000744  0.00000228  0.00000157]
 [ 0.00001181  0.0000055   0.00000308]
 [ 0.00000363 -0.00000344 -0.00000059]]
2022-09-27:21:27:10,701 INFO     [psi4.driver.task_planner:266] PLANNING Atomic:  keywords={'CART_HESS_READ': 0, 'GEOM_MAXITER': 100, 'SCF__GUESS': 'READ', 'SCF__INTS_TOLERANCE': 1e-12, 'SCF__MAXITER': 500, 'function_kwargs': {}}
2022-09-27:21:27:10,705 INFO     [psi4.driver.driver:617] Compute gradient(): method=scf, basis=cc-pvdz, molecule=default, nre=416.9127046400014
2022-09-27:21:27:15,265 INFO     [psi4.driver.driver:620] Return gradient(): -434.2111071107328
2022-09-27:21:27:15,266 INFO     [psi4.driver.driver:621] [[ 0.00009829  0.0007299  -0.00154542]
 [ 0.00006038  0.00006613 -0.00018607]
 [-0.00000315 -0.0000003   0.00009147]
 [-0.00002957 -0.00000992 -0.00002672]
 [ 0.00001935 -0.00005372  0.00006833]
 [ 0.0000237   0.00012607 -0.00016118]
 [-0.00049411 -0.00317262  0.00631732]
 [ 0.00026764  0.00121916 -0.00223599]
 [ 0.00006248  0.00110158 -0.0023127 ]
 [-0.00000461  0.00000445 -0.00001486]
 [ 0.00000217 -0.00001185  0.00001095]
 [ 0.00000405  0.00000053 -0.00000449]
 [-0.0000027  -0.00000773  0.0000124 ]
 [-0.00000391  0.00000831 -0.00001302]]
2022-09-27:21:27:15,311 INFO     [psi4.driver.task_planner:266] PLANNING Atomic:  keywords={'CART_HESS_READ': 0, 'GEOM_MAXITER': 100, 'SCF__GUESS': 'READ', 'SCF__INTS_TOLERANCE': 1e-12, 'SCF__MAXITER': 500, 'function_kwargs': {}}
2022-09-27:21:27:15,315 INFO     [psi4.driver.driver:617] Compute gradient(): method=scf, basis=cc-pvdz, molecule=default, nre=416.90766240597367
2022-09-27:21:27:20,196 INFO     [psi4.driver.driver:620] Return gradient(): -434.21119655251334
2022-09-27:21:27:20,197 INFO     [psi4.driver.driver:621] [[-0.00003047 -0.00003734 -0.00002193]
 [ 0.00003958 -0.00001981 -0.00000604]
 [ 0.00000239  0.00003263  0.00001618]
 [-0.00002962 -0.00001714 -0.00001324]
 [ 0.00002858 -0.00001779 -0.00000485]
 [ 0.00000709  0.00004081  0.00001935]
 [ 0.00017768 -0.00020668 -0.00007082]
 [ 0.0000638   0.00020579  0.00010054]
 [-0.00025502  0.00003021 -0.00001471]
 [-0.00000545 -0.00000307 -0.00000218]
 [ 0.00000368 -0.0000054  -0.00000178]
 [ 0.0000035  -0.0000017   0.00000019]
 [-0.0000017  -0.00000158 -0.00000058]
 [-0.00000404  0.00000107 -0.00000011]]
